0 info it worked if it ends with ok
1 verbose cli [ 'C:\\Program Files\\nodejs\\node.exe',
1 verbose cli   'C:\\Program Files\\nodejs\\node_modules\\npm\\bin\\npm-cli.js',
1 verbose cli   'start' ]
2 info using npm@3.3.12
3 info using node@v5.4.1
4 verbose run-script [ 'prestart', 'start', 'poststart' ]
5 info lifecycle ui5lab-library-starwars@0.1.2~prestart: ui5lab-library-starwars@0.1.2
6 silly lifecycle ui5lab-library-starwars@0.1.2~prestart: no script for prestart, continuing
7 info lifecycle ui5lab-library-starwars@0.1.2~start: ui5lab-library-starwars@0.1.2
8 verbose lifecycle ui5lab-library-starwars@0.1.2~start: unsafe-perm in lifecycle true
9 verbose lifecycle ui5lab-library-starwars@0.1.2~start: PATH: C:\Program Files\nodejs\node_modules\npm\bin\node-gyp-bin;C:\Users\lemaiwo\webstorm\UI5Lab-library-starwars\node_modules\.bin;C:\ProgramData\Oracle\Java\javapath;C:\windows\system32;C:\windows;C:\windows\System32\Wbem;C:\windows\System32\WindowsPowerShell\v1.0\;C:\Program Files (x86)\Shoreline Communications\ShoreWare Client\;C:\Program Files\Git\cmd;C:\Program Files (x86)\Skype\Phone\;C:\Program Files\nodejs\;C:\Program Files\Java\jdk1.8.0_151\bin;C:\apache-ant\bin;C:\Users\lemaiwo\AppData\Local\Android\Sdk\tools;C:\Users\lemaiwo\AppData\Local\Android\Sdk\platform-tools;C:\SAP\curl-7.56.1-win64-mingw\bin;C:\SAP\OpenSSL\bin;C:\Users\lemaiwo\AppData\Local\Microsoft\WindowsApps;C:\Users\lemaiwo\AppData\Roaming\npm
10 verbose lifecycle ui5lab-library-starwars@0.1.2~start: CWD: C:\Users\lemaiwo\webstorm\UI5Lab-library-starwars
11 silly lifecycle ui5lab-library-starwars@0.1.2~start: Args: [ '/d /s /c', 'grunt' ]
12 silly lifecycle ui5lab-library-starwars@0.1.2~start: Returned: code: 6  signal: null
13 info lifecycle ui5lab-library-starwars@0.1.2~start: Failed to exec start script
14 verbose stack Error: ui5lab-library-starwars@0.1.2 start: `grunt`
14 verbose stack Exit status 6
14 verbose stack     at EventEmitter.<anonymous> (C:\Program Files\nodejs\node_modules\npm\lib\utils\lifecycle.js:232:16)
14 verbose stack     at emitTwo (events.js:87:13)
14 verbose stack     at EventEmitter.emit (events.js:172:7)
14 verbose stack     at ChildProcess.<anonymous> (C:\Program Files\nodejs\node_modules\npm\lib\utils\spawn.js:24:14)
14 verbose stack     at emitTwo (events.js:87:13)
14 verbose stack     at ChildProcess.emit (events.js:172:7)
14 verbose stack     at maybeClose (internal/child_process.js:821:16)
14 verbose stack     at Process.ChildProcess._handle.onexit (internal/child_process.js:211:5)
15 verbose pkgid ui5lab-library-starwars@0.1.2
16 verbose cwd C:\Users\lemaiwo\webstorm\UI5Lab-library-starwars
17 error Windows_NT 10.0.15063
18 error argv "C:\\Program Files\\nodejs\\node.exe" "C:\\Program Files\\nodejs\\node_modules\\npm\\bin\\npm-cli.js" "start"
19 error node v5.4.1
20 error npm  v3.3.12
21 error code ELIFECYCLE
22 error ui5lab-library-starwars@0.1.2 start: `grunt`
22 error Exit status 6
23 error Failed at the ui5lab-library-starwars@0.1.2 start script 'grunt'.
23 error Make sure you have the latest version of node.js and npm installed.
23 error If you do, this is most likely a problem with the ui5lab-library-starwars package,
23 error not with npm itself.
23 error Tell the author that this fails on your system:
23 error     grunt
23 error You can get their info via:
23 error     npm owner ls ui5lab-library-starwars
23 error There is likely additional logging output above.
24 verbose exit [ 1, true ]
